Determining if the pthread_create exist failed with the following output:
Change Dir: /home/pi/ros/ProyectoPiano/build/CMakeFiles/CMakeTmp

Run Build Command:"/usr/bin/make" "cmTC_fee6b/fast"
/usr/bin/make -f CMakeFiles/cmTC_fee6b.dir/build.make CMakeFiles/cmTC_fee6b.dir/build
make[1]: Entering directory '/home/pi/ros/ProyectoPiano/build/CMakeFiles/CMakeTmp'
Building C object CMakeFiles/cmTC_fee6b.dir/CheckSymbolExists.c.o
/usr/bin/cc     -o CMakeFiles/cmTC_fee6b.dir/CheckSymbolExists.c.o   -c /home/pi/ros/ProyectoPiano/build/CMakeFiles/CMakeTmp/CheckSymbolExists.c
Linking C executable cmTC_fee6b
/usr/bin/cmake -E cmake_link_script CMakeFiles/cmTC_fee6b.dir/link.txt --verbose=1
/usr/bin/cc       CMakeFiles/cmTC_fee6b.dir/CheckSymbolExists.c.o  -o cmTC_fee6b -rdynamic 
CMakeFiles/cmTC_fee6b.dir/CheckSymbolExists.c.o: In function `main':
CheckSymbolExists.c:(.text+0x38): undefined reference to `pthread_create'
collect2: error: ld returned 1 exit status
CMakeFiles/cmTC_fee6b.dir/build.make:97: recipe for target 'cmTC_fee6b' failed
make[1]: *** [cmTC_fee6b] Error 1
make[1]: Leaving directory '/home/pi/ros/ProyectoPiano/build/CMakeFiles/CMakeTmp'
Makefile:126: recipe for target 'cmTC_fee6b/fast' failed
make: *** [cmTC_fee6b/fast] Error 2

File /home/pi/ros/ProyectoPiano/build/CMakeFiles/CMakeTmp/CheckSymbolExists.c:
/* */
#include <pthread.h>

int main(int argc, char** argv)
{
  (void)argv;
#ifndef pthread_create
  return ((int*)(&pthread_create))[argc];
#else
  (void)argc;
  return 0;
#endif
}

Determining if the function pthread_create exists in the pthreads failed with the following output:
Change Dir: /home/pi/ros/ProyectoPiano/build/CMakeFiles/CMakeTmp

Run Build Command:"/usr/bin/make" "cmTC_0c0dd/fast"
/usr/bin/make -f CMakeFiles/cmTC_0c0dd.dir/build.make CMakeFiles/cmTC_0c0dd.dir/build
make[1]: Entering directory '/home/pi/ros/ProyectoPiano/build/CMakeFiles/CMakeTmp'
Building C object CMakeFiles/cmTC_0c0dd.dir/CheckFunctionExists.c.o
/usr/bin/cc    -DCHECK_FUNCTION_EXISTS=pthread_create   -o CMakeFiles/cmTC_0c0dd.dir/CheckFunctionExists.c.o   -c /usr/share/cmake-3.6/Modules/CheckFunctionExists.c
Linking C executable cmTC_0c0dd
/usr/bin/cmake -E cmake_link_script CMakeFiles/cmTC_0c0dd.dir/link.txt --verbose=1
/usr/bin/cc   -DCHECK_FUNCTION_EXISTS=pthread_create    CMakeFiles/cmTC_0c0dd.dir/CheckFunctionExists.c.o  -o cmTC_0c0dd -rdynamic -lpthreads 
/usr/bin/ld: cannot find -lpthreads
collect2: error: ld returned 1 exit status
CMakeFiles/cmTC_0c0dd.dir/build.make:97: recipe for target 'cmTC_0c0dd' failed
make[1]: *** [cmTC_0c0dd] Error 1
make[1]: Leaving directory '/home/pi/ros/ProyectoPiano/build/CMakeFiles/CMakeTmp'
Makefile:126: recipe for target 'cmTC_0c0dd/fast' failed
make: *** [cmTC_0c0dd/fast] Error 2


